#
# There is insufficient memory for the Java Runtime Environment to continue.
# Native memory allocation (mmap) failed to map 264241152 bytes for G1 virtual space
# Possible reasons:
#   The system is out of physical RAM or swap space
#   The process is running with CompressedOops enabled, and the Java Heap may be blocking the growth of the native heap
# Possible solutions:
#   Reduce memory load on the system
#   Increase physical memory or swap space
#   Check if swap backing store is full
#   Decrease Java heap size (-Xmx/-Xms)
#   Decrease number of Java threads
#   Decrease Java thread stack sizes (-Xss)
#   Set larger code cache with -XX:ReservedCodeCacheSize=
#   JVM is running with Zero Based Compressed Oops mode in which the Java heap is
#     placed in the first 32GB address space. The Java Heap base address is the
#     maximum limit for the native heap growth. Please use -XX:HeapBaseMinAddress
#     to set the Java Heap base and to place the Java Heap above 32GB virtual address.
# This output file may be truncated or incomplete.
#
#  Out of Memory Error (os_windows.cpp:3550), pid=3676, tid=25468
#
# JRE version:  (17.0.8+9) (build )
# Java VM: Java HotSpot(TM) 64-Bit Server VM (17.0.8+9-LTS-211, mixed mode, sharing, tiered, compressed oops, compressed class ptrs, g1 gc, windows-amd64)
# No core dump will be written. Minidumps are not enabled by default on client versions of Windows
#

---------------  S U M M A R Y ------------

Command Line: -ea -Didea.test.cyclic.buffer.size=1048576 -javaagent:D:\intelliJ IDEA\IntelliJ IDEA 2023.2.2\lib\idea_rt.jar=65356:D:\intelliJ IDEA\IntelliJ IDEA 2023.2.2\bin -Dfile.encoding=UTF-8 com.intellij.rt.junit.JUnitStarter -ideVersion5 -junit5 com.matchsystem.matchsystem.MatchSystemApplicationTests,createToken

Host: AMD Ryzen 9 7945HX with Radeon Graphics        , 32 cores, 15G,  Windows 11 , 64 bit Build 22621 (10.0.22621.3085)
Time: Sat Mar  2 20:21:37 2024  Windows 11 , 64 bit Build 22621 (10.0.22621.3085) elapsed time: 0.012126 seconds (0d 0h 0m 0s)

---------------  T H R E A D  ---------------

Current thread (0x000001da113e8270):  JavaThread "Unknown thread" [_thread_in_vm, id=25468, stack(0x0000008953300000,0x0000008953400000)]

Stack: [0x0000008953300000,0x0000008953400000]
Native frames: (J=compiled Java code, j=interpreted, Vv=VM code, C=native code)
V  [jvm.dll+0x677d0a]
V  [jvm.dll+0x7d8c54]
V  [jvm.dll+0x7da3fe]
V  [jvm.dll+0x7daa63]
V  [jvm.dll+0x245c5f]
V  [jvm.dll+0x674bb9]
V  [jvm.dll+0x6694f2]
V  [jvm.dll+0x3031d6]
V  [jvm.dll+0x30a756]
V  [jvm.dll+0x359f9e]
V  [jvm.dll+0x35a1cf]
V  [jvm.dll+0x2da3e8]
V  [jvm.dll+0x2db354]
V  [jvm.dll+0x7aa711]
V  [jvm.dll+0x367b51]
V  [jvm.dll+0x789979]
V  [jvm.dll+0x3eb05f]
V  [jvm.dll+0x3ecae1]
C  [jli.dll+0x5297]
C  [ucrtbase.dll+0x29363]
C  [KERNEL32.DLL+0x1257d]
C  [ntdll.dll+0x5aa58]


---------------  P R O C E S S  ---------------

Threads class SMR info:
_java_thread_list=0x00007ff96dd559d8, length=0, elements={
}

Java Threads: ( => current thread )

Other Threads:
  0x000001da11456620 GCTaskThread "GC Thread#0" [stack: 0x0000008953400000,0x0000008953500000] [id=31180]
  0x000001da11403ca0 ConcurrentGCThread "G1 Main Marker" [stack: 0x0000008953500000,0x0000008953600000] [id=10620]
  0x000001da11468880 ConcurrentGCThread "G1 Conc#0" [stack: 0x0000008953600000,0x0000008953700000] [id=20272]

[error occurred during error reporting (printing all threads), id 0xc0000005, EXCEPTION_ACCESS_VIOLATION (0xc0000005) at pc=0x00007ff96d58b047]

VM state: not at safepoint (not fully initialized)

VM Mutex/Monitor currently owned by a thread:  ([mutex/lock_event])
[0x000001da113e2fa0] Heap_lock - owner thread: 0x000001da113e8270

Heap address: 0x0000000704e00000, size: 4018 MB, Compressed Oops mode: Zero based, Oop shift amount: 3

CDS archive(s) mapped at: [0x0000000000000000-0x0000000000000000-0x0000000000000000), size 0, SharedBaseAddress: 0x0000000800000000, ArchiveRelocationMode: 1.
Narrow klass base: 0x0000000000000000, Narrow klass shift: 0, Narrow klass range: 0x0

GC Precious Log:
<Empty>

Heap:
 garbage-first heap   total 0K, used 0K [0x0000000704e00000, 0x0000000800000000)
  region size 2048K, 0 young (0K), 0 survivors (0K)

[error occurred during error reporting (printing heap information), id 0xc0000005, EXCEPTION_ACCESS_VIOLATION (0xc0000005) at pc=0x00007ff96d971499]

GC Heap History (0 events):
No events

Deoptimization events (0 events):
No events

Classes unloaded (0 events):
No events

Classes redefined (0 events):
No events

Internal exceptions (0 events):
No events

VM Operations (0 events):
No events

Events (1 events):
Event: 0.008 Loaded shared library D:\develop\jdk17\bin\java.dll


Dynamic libraries:
0x00007ff773ec0000 - 0x00007ff773ed0000 	D:\develop\jdk17\bin\java.exe
0x00007ff9d8e30000 - 0x00007ff9d9047000 	C:\Windows\SYSTEM32\ntdll.dll
0x00007ff9d7db0000 - 0x00007ff9d7e74000 	C:\Windows\System32\KERNEL32.DLL
0x00007ff9d67d0000 - 0x00007ff9d6b76000 	C:\Windows\System32\KERNELBASE.dll
0x00007ff9d6370000 - 0x00007ff9d6481000 	C:\Windows\System32\ucrtbase.dll
0x00007ff9cd6e0000 - 0x00007ff9cd6f9000 	D:\develop\jdk17\bin\jli.dll
0x00007ff9cddd0000 - 0x00007ff9cddeb000 	D:\develop\jdk17\bin\VCRUNTIME140.dll
0x00007ff9d80a0000 - 0x00007ff9d8153000 	C:\Windows\System32\ADVAPI32.dll
0x00007ff9d7d00000 - 0x00007ff9d7da7000 	C:\Windows\System32\msvcrt.dll
0x00007ff9d8720000 - 0x00007ff9d87c8000 	C:\Windows\System32\sechost.dll
0x00007ff9d6680000 - 0x00007ff9d66a8000 	C:\Windows\System32\bcrypt.dll
0x00007ff9d87d0000 - 0x00007ff9d88e7000 	C:\Windows\System32\RPCRT4.dll
0x00007ff9d7910000 - 0x00007ff9d7abe000 	C:\Windows\System32\USER32.dll
0x00007ff9d61e0000 - 0x00007ff9d6206000 	C:\Windows\System32\win32u.dll
0x00007ff9d78d0000 - 0x00007ff9d78f9000 	C:\Windows\System32\GDI32.dll
0x00007ff9d66b0000 - 0x00007ff9d67c8000 	C:\Windows\System32\gdi32full.dll
0x00007ff9ba310000 - 0x00007ff9ba5a3000 	C:\Windows\WinSxS\amd64_microsoft.windows.common-controls_6595b64144ccf1df_6.0.22621.2506_none_270c5ae97388e100\COMCTL32.dll
0x00007ff9d6210000 - 0x00007ff9d62aa000 	C:\Windows\System32\msvcp_win.dll
0x00007ff9c8950000 - 0x00007ff9c895a000 	C:\Windows\SYSTEM32\VERSION.dll
0x00007ff9d8ab0000 - 0x00007ff9d8ae1000 	C:\Windows\System32\IMM32.DLL
0x00007ff9d09a0000 - 0x00007ff9d09ac000 	D:\develop\jdk17\bin\vcruntime140_1.dll
0x00007ff9caa90000 - 0x00007ff9cab1e000 	D:\develop\jdk17\bin\msvcp140.dll
0x00007ff96d2a0000 - 0x00007ff96de7e000 	D:\develop\jdk17\bin\server\jvm.dll
0x00007ff9d7900000 - 0x00007ff9d7908000 	C:\Windows\System32\PSAPI.DLL
0x00007ff9d25a0000 - 0x00007ff9d25a9000 	C:\Windows\SYSTEM32\WSOCK32.dll
0x00007ff9cec20000 - 0x00007ff9cec54000 	C:\Windows\SYSTEM32\WINMM.dll
0x00007ff9d6b80000 - 0x00007ff9d6bf1000 	C:\Windows\System32\WS2_32.dll
0x00007ff9d5260000 - 0x00007ff9d5278000 	C:\Windows\SYSTEM32\kernel.appcore.dll
0x00007ff9d0980000 - 0x00007ff9d098a000 	D:\develop\jdk17\bin\jimage.dll
0x00007ff9d3cf0000 - 0x00007ff9d3f23000 	C:\Windows\SYSTEM32\DBGHELP.DLL
0x00007ff9d7540000 - 0x00007ff9d78c9000 	C:\Windows\System32\combase.dll
0x00007ff9d8160000 - 0x00007ff9d8237000 	C:\Windows\System32\OLEAUT32.dll
0x00007ff9b81b0000 - 0x00007ff9b81e2000 	C:\Windows\SYSTEM32\dbgcore.DLL
0x00007ff9d6490000 - 0x00007ff9d650a000 	C:\Windows\System32\bcryptPrimitives.dll
0x00007ff9cee60000 - 0x00007ff9cee6e000 	D:\develop\jdk17\bin\instrument.dll
0x00007ff9ccee0000 - 0x00007ff9ccf05000 	D:\develop\jdk17\bin\java.dll

dbghelp: loaded successfully - version: 4.0.5 - missing functions: none
symbol engine: initialized successfully - sym options: 0x614 - pdb path: .;D:\develop\jdk17\bin;C:\Windows\SYSTEM32;C:\Windows\WinSxS\amd64_microsoft.windows.common-controls_6595b64144ccf1df_6.0.22621.2506_none_270c5ae97388e100;D:\develop\jdk17\bin\server

VM Arguments:
jvm_args: -ea -Didea.test.cyclic.buffer.size=1048576 -javaagent:D:\intelliJ IDEA\IntelliJ IDEA 2023.2.2\lib\idea_rt.jar=65356:D:\intelliJ IDEA\IntelliJ IDEA 2023.2.2\bin -Dfile.encoding=UTF-8 
java_command: com.intellij.rt.junit.JUnitStarter -ideVersion5 -junit5 com.matchsystem.matchsystem.MatchSystemApplicationTests,createToken
java_class_path (initial): C:\Users\luowe\.m2\repository\org\junit\platform\junit-platform-launcher\1.10.1\junit-platform-launcher-1.10.1.jar;C:\Users\luowe\.m2\repository\org\junit\platform\junit-platform-engine\1.10.1\junit-platform-engine-1.10.1.jar;C:\Users\luowe\.m2\repository\org\opentest4j\opentest4j\1.3.0\opentest4j-1.3.0.jar;C:\Users\luowe\.m2\repository\org\junit\platform\junit-platform-commons\1.10.1\junit-platform-commons-1.10.1.jar;C:\Users\luowe\.m2\repository\org\apiguardian\apiguardian-api\1.1.2\apiguardian-api-1.1.2.jar;D:\intelliJ IDEA\IntelliJ IDEA 2023.2.2\lib\idea_rt.jar;D:\intelliJ IDEA\IntelliJ IDEA 2023.2.2\plugins\junit\lib\junit5-rt.jar;D:\intelliJ IDEA\IntelliJ IDEA 2023.2.2\plugins\junit\lib\junit-rt.jar;C:\Users\luowe\Desktop\文件・\vueproject\MatchSystem\target\test-classes;C:\Users\luowe\Desktop\文件・\vueproject\MatchSystem\target\classes;D:\intelliJ IDEA\IntelliJ IDEA 2023.2.2\plugins\maven\lib\maven3\maven_repo\org\springframework\boot\spring-boot-starter-web\3.2.1\spring-boot-starter-web-3.2.1.jar;D:\intelliJ IDEA\IntelliJ IDEA 2023.2.2\plugins\maven\lib\maven3\maven_repo\org\springframework\boot\spring-boot-starter\3.2.1\spring-boot-starter-3.2.1.jar;D:\intelliJ IDEA\IntelliJ IDEA 2023.2.2\plugins\maven\lib\maven3\maven_repo\org\springframework\boot\spring-boot\3.2.1\spring-boot-3.2.1.jar;D:\intelliJ IDEA\IntelliJ IDEA 2023.2.2\plugins\maven\lib\maven3\maven_repo\org\springframework\boot\spring-boot-autoconfigure\3.2.1\spring-boot-autoconfigure-3.2.1.jar;D:\intelliJ IDEA\IntelliJ IDEA 2023.2.2\plugins\maven\lib\maven3\maven_repo\org\springframework\boot\spring-boot-starter-logging\3.2.1\spring-boot-starter-logging-3.2.1.jar;D:\intelliJ IDEA\IntelliJ IDEA 2023.2.2\plugins\maven\lib\maven3\maven_repo\ch\qos\logback\logback-classic\1.4.14\logback-classic-1.4.14.jar;D:\intelliJ IDEA\IntelliJ IDEA 2023.2.2\plugins\maven\lib\maven3\maven_repo\ch\qos\logback\logback-core\1.4.14\logback-core-1.4.14.jar;D:\intelliJ IDEA\IntelliJ IDEA 202
Launcher Type: SUN_STANDARD

[Global flags]
     intx CICompilerCount                          = 15                                        {product} {ergonomic}
     uint ConcGCThreads                            = 6                                         {product} {ergonomic}
     uint G1ConcRefinementThreads                  = 23                                        {product} {ergonomic}
   size_t G1HeapRegionSize                         = 2097152                                   {product} {ergonomic}
    uintx GCDrainStackTargetSize                   = 64                                        {product} {ergonomic}
   size_t InitialHeapSize                          = 264241152                                 {product} {ergonomic}
   size_t MarkStackSize                            = 4194304                                   {product} {ergonomic}
   size_t MaxHeapSize                              = 4213178368                                {product} {ergonomic}
   size_t MinHeapDeltaBytes                        = 2097152                                   {product} {ergonomic}
   size_t MinHeapSize                              = 8388608                                   {product} {ergonomic}
    uintx NonNMethodCodeHeapSize                   = 8192380                                {pd product} {ergonomic}
    uintx NonProfiledCodeHeapSize                  = 121732930                              {pd product} {ergonomic}
    uintx ProfiledCodeHeapSize                     = 121732930                              {pd product} {ergonomic}
    uintx ReservedCodeCacheSize                    = 251658240                              {pd product} {ergonomic}
     bool SegmentedCodeCache                       = true                                      {product} {ergonomic}
   size_t SoftMaxHeapSize                          = 4213178368                             {manageable} {ergonomic}
     bool UseCompressedClassPointers               = true                           {product lp64_product} {ergonomic}
     bool UseCompressedOops                        = true                           {product lp64_product} {ergonomic}
     bool UseG1GC                                  = true                                      {product} {ergonomic}
     bool UseLargePagesIndividualAllocation        = false                                  {pd product} {ergonomic}

Logging:
Log output configuration:
 #0: stdout all=warning uptime,level,tags
 #1: stderr all=off uptime,level,tags

Environment Variables:
JAVA_HOME=D:\develop\jdk1.8
CLASSPATH=.;D:\develop\jdk1.8\lib\tools.jar;D:\develop\jdk1.8\lib\dt.jar
PATH=C:\Program Files\Microsoft\jdk-11.0.16.101-hotspot\bin;C:\Program Files\Common Files\Oracle\Java\javapath;C:\Program Files (x86)\Common Files\Intel\Shared Libraries\redist\intel64\compiler;C:\Program Files (x86)\Common Files\Oracle\Java\javapath;C:\Windows\system32;C:\Windows;C:\Windows\System32\Wbem;C:\Windows\System32\WindowsPowerShell\v1.0\;C:\Windows\System32\OpenSSH\;C:\Program Files (x86)\NVIDIA Corporation\PhysX\Common;C:\Program Files\NVIDIA Corporation\NVIDIA NvDLISR;D:\develop\jdk1.8\bin;C:\Program Files\dotnet\;C:\Program Files (x86)\Windows Kits\10\Windows Performance Toolkit\;D:\NodeJS;C:\Users\luowe;D:\intelliJ IDEA\IntelliJ IDEA 2023.2.2\plugins\maven\lib\maven3\bin;D:\develop\mysql-8.2.0-winx64\bin;C:\Program Files\Git\cmd;C:\Users\luowe\AppData\Local\Programs\Python\Python311\Scripts\;C:\Users\luowe\AppData\Local\Programs\Python\Python311\;C:\Users\luowe\AppData\Local\Microsoft\WindowsApps;D:\Microsoft VS Code\bin;D:\mingw64\bin;C:\Users\luowe\.dotnet\tools;D:\intelliJ IDEA\IntelliJ IDEA 2023.2.2\bin;;D:\cloin\CLion 2023.2.2\bin;;D:\pycharm\PyCharm 2023.2.3\bin;;C:\Users\luowe\AppData\Roaming\npm
USERNAME=luowe
OS=Windows_NT
PROCESSOR_IDENTIFIER=AMD64 Family 25 Model 97 Stepping 2, AuthenticAMD



---------------  S Y S T E M  ---------------

OS:
 Windows 11 , 64 bit Build 22621 (10.0.22621.3085)
OS uptime: 8 days 21:01 hours
Hyper-V role detected

CPU: total 32 (initial active 32) (32 cores per cpu, 2 threads per core) family 25 model 97 stepping 2 microcode 0x0, cx8, cmov, fxsr, ht, mmx, 3dnowpref, sse, sse2, sse3, ssse3, sse4a, sse4.1, sse4.2, popcnt, lzcnt, tsc, tscinvbit, avx, avx2, aes, erms, clmul, bmi1, bmi2, adx, avx512f, avx512dq, avx512cd, avx512bw, avx512vl, sha, fma, vzeroupper, avx512_vpopcntdq, avx512_vpclmulqdq, avx512_vaes, avx512_vnni, clflush, clflushopt, avx512_vbmi2, avx512_vbmi, hv

Memory: 4k page, system-wide physical 16064M (711M free)
TotalPageFile size 41664M (AvailPageFile size 113M)
current process WorkingSet (physical memory assigned to process): 11M, peak: 11M
current process commit charge ("private bytes"): 91M, peak: 343M

vm_info: Java HotSpot(TM) 64-Bit Server VM (17.0.8+9-LTS-211) for windows-amd64 JRE (17.0.8+9-LTS-211), built on Jun 14 2023 10:34:31 by "mach5one" with MS VC++ 17.1 (VS2022)

END.
